RobotDevSample/build/outputs/logs/manifest-merger-debug-report.txt
-- Merging decision tree log ---
manifest
ADDED from src\main\AndroidManifest.xml:2:1-63:12
	package
		ADDED from src\main\AndroidManifest.xml:3:5-38
		INJECTED from src\main\AndroidManifest.xml
		INJECTED from src\main\AndroidManifest.xml
	android:versionName
		INJECTED from src\main\AndroidManifest.xml
		INJECTED from src\main\AndroidManifest.xml
	xmlns:android
		ADDED from src\main\AndroidManifest.xml:2:11-69
	android:versionCode
		INJECTED from src\main\AndroidManifest.xml
		INJECTED from src\main\AndroidManifest.xml
uses-permission#android.permission.INTERNET
ADDED from src\main\AndroidManifest.xml:5:5-67
	android:name
		ADDED from src\main\AndroidManifest.xml:5:22-64
uses-permission#android.permission.ACCESS_NETWORK_STATE
ADDED from src\main\AndroidManifest.xml:6:5-79
	android:name
		ADDED from src\main\AndroidManifest.xml:6:22-76
application
ADDED from src\main\AndroidManifest.xml:7:5-61:19
MERGED from [ZenboSDK:RobotActivityLibrary:unspecified] AndroidManifest.xml:11:5-15:19
MERGED from [com.android.support:appcompat-v7:23.4.0] AndroidManifest.xml:25:5-20
MERGED from [com.android.support:animated-vector-drawable:23.4.0] AndroidManifest.xml:7:5-20
MERGED from [com.android.support:support-vector-drawable:23.4.0] AndroidManifest.xml:7:5-20
MERGED from [com.android.support:support-v4:23.4.0] AndroidManifest.xml:22:5-20
MERGED from [com.android.support.constraint:constraint-layout:1.0.2] AndroidManifest.xml:9:5-20
	android:label
		ADDED from src\main\AndroidManifest.xml:10:9-41
	android:supportsRtl
		ADDED from src\main\AndroidManifest.xml:11:9-35
	android:allowBackup
		ADDED from src\main\AndroidManifest.xml:8:9-35
	android:icon
		ADDED from src\main\AndroidManifest.xml:9:9-43
	android:theme
		ADDED from src\main\AndroidManifest.xml:12:9-49
activity#com.asus.robotdevsample.MainActivity
ADDED from src\main\AndroidManifest.xml:23:9-31:20
	android:label
		ADDED from src\main\AndroidManifest.xml:25:13-56
	android:name
		ADDED from src\main\AndroidManifest.xml:24:13-41
intent-filter#android.intent.action.MAIN+android.intent.category.LAUNCHER
ADDED from src\main\AndroidManifest.xml:26:13-30:29
action#android.intent.action.MAIN
ADDED from src\main\AndroidManifest.xml:27:17-69
	android:name
		ADDED from src\main\AndroidManifest.xml:27:25-66
category#android.intent.category.LAUNCHER
ADDED from src\main\AndroidManifest.xml:29:17-77
	android:name
		ADDED from src\main\AndroidManifest.xml:29:27-74
activity#com.asus.robotdevsample.VisionActivity
ADDED from src\main\AndroidManifest.xml:34:9-52
	android:name
		ADDED from src\main\AndroidManifest.xml:34:19-49
activity#com.asus.robotdevsample.VisionRequestDetectPerson
ADDED from src\main\AndroidManifest.xml:35:9-63
	android:name
		ADDED from src\main\AndroidManifest.xml:35:19-60
activity#com.asus.robotdevsample.MotionActivity
ADDED from src\main\AndroidManifest.xml:38:9-52
	android:name
		ADDED from src\main\AndroidManifest.xml:38:19-49
activity#com.asus.robotdevsample.MotionMoveBodyHead
ADDED from src\main\AndroidManifest.xml:39:9-56
	android:name
		ADDED from src\main\AndroidManifest.xml:39:19-53
activity#com.asus.robotdevsample.MotionRemoteControlBodyHead
ADDED from src\main\AndroidManifest.xml:40:9-65
	android:name
		ADDED from src\main\AndroidManifest.xml:40:19-62
activity#com.asus.robotdevsample.RobotActivity
ADDED from src\main\AndroidManifest.xml:43:9-51
	android:name
		ADDED from src\main\AndroidManifest.xml:43:19-48
activity#com.asus.robotdevsample.RobotSpeak
ADDED from src\main\AndroidManifest.xml:44:9-48
	android:name
		ADDED from src\main\AndroidManifest.xml:44:19-45
activity#com.asus.robotdevsample.RobotSetExpression
ADDED from src\main\AndroidManifest.xml:45:9-56
	android:name
		ADDED from src\main\AndroidManifest.xml:45:19-53
activity#com.asus.robotdevsample.UtilityActivity
ADDED from src\main\AndroidManifest.xml:48:9-53
	android:name
		ADDED from src\main\AndroidManifest.xml:48:19-50
activity#com.asus.robotdevsample.UtilityPlayAction
ADDED from src\main\AndroidManifest.xml:49:9-55
	android:name
		ADDED from src\main\AndroidManifest.xml:49:19-52
activity#com.asus.robotdevsample.UtilityPlayEmotionalAction
ADDED from src\main\AndroidManifest.xml:50:9-64
	android:name
		ADDED from src\main\AndroidManifest.xml:50:19-61
activity#com.asus.robotdevsample.WheelLightsActivity
ADDED from src\main\AndroidManifest.xml:53:9-57
	android:name
		ADDED from src\main\AndroidManifest.xml:53:19-54
activity#com.asus.robotdevsample.WheelLightsSetBrightness
ADDED from src\main\AndroidManifest.xml:54:9-62
	android:name
		ADDED from src\main\AndroidManifest.xml:54:19-59
activity#com.asus.robotdevsample.WheelLightsTurnOff
ADDED from src\main\AndroidManifest.xml:55:9-56
	android:name
		ADDED from src\main\AndroidManifest.xml:55:19-53
activity#com.asus.robotdevsample.WheelLightsSetColor
ADDED from src\main\AndroidManifest.xml:56:9-57
	android:name
		ADDED from src\main\AndroidManifest.xml:56:19-54
activity#com.asus.robotdevsample.sale
ADDED from src\main\AndroidManifest.xml:57:9-42
	android:name
		ADDED from src\main\AndroidManifest.xml:57:19-39
activity#com.asus.robotdevsample.VideoActivity
ADDED from src\main\AndroidManifest.xml:58:9-51
	android:name
		ADDED from src\main\AndroidManifest.xml:58:19-48
activity#com.asus.robotdevsample.QaActivity
ADDED from src\main\AndroidManifest.xml:59:9-57
	android:name
		ADDED from src\main\AndroidManifest.xml:59:19-45
uses-sdk
INJECTED from src\main\AndroidManifest.xml reason: use-sdk injection requested
MERGED from [ZenboSDK:RobotActivityLibrary:unspecified] AndroidManifest.xml:7:5-9:41
MERGED from [com.android.support:appcompat-v7:23.4.0] AndroidManifest.xml:21:5-23:78
MERGED from [com.android.support:animated-vector-drawable:23.4.0] AndroidManifest.xml:5:5-44
MERGED from [com.android.support:support-vector-drawable:23.4.0] AndroidManifest.xml:5:5-43
MERGED from [com.android.support:support-v4:23.4.0] AndroidManifest.xml:20:5-43
MERGED from [com.android.support.constraint:constraint-layout:1.0.2] AndroidManifest.xml:5:5-7:41
	tools:overrideLibrary
		ADDED from [com.android.support:appcompat-v7:23.4.0] AndroidManifest.xml:23:9-75
	android:targetSdkVersion
		INJECTED from src\main\AndroidManifest.xml
		INJECTED from src\main\AndroidManifest.xml
	android:minSdkVersion
		INJECTED from src\main\AndroidManifest.xml
		INJECTED from src\main\AndroidManifest.xml